0 info it worked if it ends with ok
1 verbose cli [ 'C:\\Program Files\\nodejs\\\\node.exe',
1 verbose cli   'C:\\Program Files\\nodejs\\node_modules\\npm\\bin\\npm-cli.js',
1 verbose cli   'install',
1 verbose cli   '–g',
1 verbose cli   'ant' ]
2 info using npm@2.5.1
3 info using node@v0.12.0
4 verbose node symlink C:\Program Files\nodejs\\node.exe
5 warn package.json conference@1.0.0 No repository field.
6 warn package.json conference@1.0.0 No README data
7 silly cache add args [ '–g', null ]
8 verbose cache add spec –g
9 silly cache add args [ 'ant', null ]
10 verbose cache add spec ant
11 silly cache add parsed spec { raw: '–g',
11 silly cache add   scope: null,
11 silly cache add   name: null,
11 silly cache add   rawSpec: '–g',
11 silly cache add   spec: 'E:\\Art\\code\\Ionic\\ionic-tutorial\\conference\\–g',
11 silly cache add   type: 'local' }
12 silly cache add parsed spec { raw: 'ant',
12 silly cache add   scope: null,
12 silly cache add   name: 'ant',
12 silly cache add   rawSpec: '',
12 silly cache add   spec: '*',
12 silly cache add   type: 'range' }
13 verbose addNamed ant@*
14 silly addNamed semver.valid null
15 silly addNamed semver.validRange *
16 silly addNameRange { name: 'ant', range: '*', hasData: false }
17 silly mapToRegistry name ant
18 silly mapToRegistry using default registry
19 silly mapToRegistry registry https://registry.npmjs.org/
20 silly mapToRegistry uri https://registry.npmjs.org/ant
21 verbose addNameRange registry:https://registry.npmjs.org/ant not in flight; fetching
22 error addLocal Could not install E:\Art\code\Ionic\ionic-tutorial\conference\–g
23 verbose request uri https://registry.npmjs.org/ant
24 verbose request no auth needed
25 info attempt registry request try #1 at 20:18:18
26 verbose request id ecb0cdc0aaeac6da
27 http request GET https://registry.npmjs.org/ant
28 http 200 https://registry.npmjs.org/ant
29 silly get cb [ 200,
29 silly get   { date: 'Wed, 18 Feb 2015 19:18:17 GMT',
29 silly get     server: 'CouchDB/1.5.0 (Erlang OTP/R16B03)',
29 silly get     etag: '"B20556PCANUOR79P677UETL7U"',
29 silly get     'content-type': 'application/json',
29 silly get     'cache-control': 'max-age=60',
29 silly get     'content-length': '10046',
29 silly get     'accept-ranges': 'bytes',
29 silly get     via: '1.1 varnish',
29 silly get     age: '0',
29 silly get     'x-served-by': 'cache-lhr6327-LHR',
29 silly get     'x-cache': 'MISS',
29 silly get     'x-cache-hits': '0',
29 silly get     'x-timer': 'S1424287097.175281,VS0,VE376',
29 silly get     vary: 'Accept',
29 silly get     'keep-alive': 'timeout=10, max=50',
29 silly get     connection: 'Keep-Alive' } ]
30 verbose get saving ant to C:\Users\gerard\AppData\Roaming\npm-cache\registry.npmjs.org\ant\.cache.json
31 silly addNameRange number 2 { name: 'ant', range: '*', hasData: true }
32 silly addNameRange versions [ 'ant', [ '0.0.0', '0.2.0' ] ]
33 verbose addNamed ant@0.2.0
34 silly addNamed semver.valid 0.2.0
35 silly addNamed semver.validRange 0.2.0
36 silly mapToRegistry name ant
37 silly mapToRegistry using default registry
38 silly mapToRegistry registry https://registry.npmjs.org/
39 silly mapToRegistry uri https://registry.npmjs.org/ant
40 verbose addRemoteTarball https://registry.npmjs.org/ant/-/ant-0.2.0.tgz not in flight; adding
41 verbose addRemoteTarball [ 'https://registry.npmjs.org/ant/-/ant-0.2.0.tgz',
41 verbose addRemoteTarball   'f4abbe0d6f9cc4f63db5d3a557450288a0f0a394' ]
42 info retry fetch attempt 1 at 20:18:18
43 info attempt registry request try #1 at 20:18:18
44 http fetch GET https://registry.npmjs.org/ant/-/ant-0.2.0.tgz
45 http fetch 200 https://registry.npmjs.org/ant/-/ant-0.2.0.tgz
46 silly fetchAndShaCheck shasum f4abbe0d6f9cc4f63db5d3a557450288a0f0a394
47 verbose addTmpTarball C:\Users\gerard\AppData\Local\Temp\npm-4144-f44c8c46\registry.npmjs.org\ant\-\ant-0.2.0.tgz not in flight; adding
48 verbose addTmpTarball already have metadata; skipping unpack for ant@0.2.0
49 silly cache afterAdd ant@0.2.0
50 verbose afterAdd C:\Users\gerard\AppData\Roaming\npm-cache\ant\0.2.0\package\package.json not in flight; writing
51 verbose afterAdd C:\Users\gerard\AppData\Roaming\npm-cache\ant\0.2.0\package\package.json written
52 verbose stack Error: ENOENT, open 'E:\Art\code\Ionic\ionic-tutorial\conference\–g'
52 verbose stack     at Error (native)
53 verbose cwd E:\Art\code\Ionic\ionic-tutorial\conference
54 error Windows_NT 6.1.7601
55 error argv "C:\\Program Files\\nodejs\\\\node.exe" "C:\\Program Files\\nodejs\\node_modules\\npm\\bin\\npm-cli.js" "install" "–g" "ant"
56 error node v0.12.0
57 error npm  v2.5.1
58 error path E:\Art\code\Ionic\ionic-tutorial\conference\–g
59 error code ENOENT
60 error errno -4058
61 error enoent ENOENT, open 'E:\Art\code\Ionic\ionic-tutorial\conference\–g'
61 error enoent This is most likely not a problem with npm itself
61 error enoent and is related to npm not being able to find a file.
62 verbose exit [ -4058, true ]
